Flow report for DE2_USB_API
Sat May 28 14:54:59 2011
Quartus II Version 10.1 Build 197 01/19/2011 Service Pack 1 SJ Web Edition


---------------------
; Table of Contents ;
---------------------
  1. Legal Notice
  2. Flow Summary
  3. Flow Settings
  4. Flow Non-Default Global Settings
  5. Flow Elapsed Time
  6. Flow OS Summary
  7. Flow Log



----------------
; Legal Notice ;
----------------
Copyright (C) 1991-2011 Altera Corporation
Your use of Altera Corporation's design tools, logic functions 
and other software and tools, and its AMPP partner logic 
functions, and any output files from any of the foregoing 
(including device programming or simulation files), and any 
associated documentation or information are expressly subject 
to the terms and conditions of the Altera Program License 
Subscription Agreement, Altera MegaCore Function License 
Agreement, or other applicable license agreement, including, 
without limitation, that your use is for the sole purpose of 
programming logic devices manufactured by Altera and sold by 
Altera or its authorized distributors.  Please refer to the 
applicable agreement for further details.



+------------------------------------------------------------------------------------+
; Flow Summary                                                                       ;
+------------------------------------+-----------------------------------------------+
; Flow Status                        ; Successful - Sat May 28 14:54:33 2011         ;
; Quartus II Version                 ; 10.1 Build 197 01/19/2011 SP 1 SJ Web Edition ;
; Revision Name                      ; DE2_USB_API                                   ;
; Top-level Entity Name              ; DE2_USB_API                                   ;
; Family                             ; Cyclone II                                    ;
; Device                             ; EP2C35F672C6                                  ;
; Timing Models                      ; Final                                         ;
; Total logic elements               ; 23,399 / 33,216 ( 70 % )                      ;
;     Total combinational functions  ; 21,942 / 33,216 ( 66 % )                      ;
;     Dedicated logic registers      ; 17,076 / 33,216 ( 51 % )                      ;
; Total registers                    ; 17076                                         ;
; Total pins                         ; 425 / 475 ( 89 % )                            ;
; Total virtual pins                 ; 0                                             ;
; Total memory bits                  ; 16,384 / 483,840 ( 3 % )                      ;
; Embedded Multiplier 9-bit elements ; 70 / 70 ( 100 % )                             ;
; Total PLLs                         ; 0 / 4 ( 0 % )                                 ;
+------------------------------------+-----------------------------------------------+


+-----------------------------------------+
; Flow Settings                           ;
+-------------------+---------------------+
; Option            ; Setting             ;
+-------------------+---------------------+
; Start date & time ; 05/28/2011 14:44:19 ;
; Main task         ; Compilation         ;
; Revision Name     ; DE2_USB_API         ;
+-------------------+---------------------+


+-------------------------------------------------------------------------------------------------------------------------------------------------------------------------+
; Flow Non-Default Global Settings                                                                                                                                        ;
+---------------------------------------------------+---------------------------------------------------------------------+--------------------+-------------+------------+
; Assignment Name                                   ; Value                                                               ; Default Value      ; Entity Name ; Section Id ;
+---------------------------------------------------+---------------------------------------------------------------------+--------------------+-------------+------------+
; COMPILER_SIGNATURE_ID                             ; 53530602090.130658305701344                                         ; --                 ; --          ; --         ;
; CYCLONEII_OPTIMIZATION_TECHNIQUE                  ; Speed                                                               ; Balanced           ; --          ; --         ;
; FITTER_EFFORT                                     ; Standard Fit                                                        ; Auto Fit           ; --          ; --         ;
; MAX_CORE_JUNCTION_TEMP                            ; 85                                                                  ; --                 ; --          ; --         ;
; MIN_CORE_JUNCTION_TEMP                            ; 0                                                                   ; --                 ; --          ; --         ;
; MISC_FILE                                         ; C:/Users/awesome/Desktop/altera_FUCK/DE2_USB_API/HW/DE2_USB_API.dpf ; --                 ; --          ; --         ;
; OPTIMIZE_POWER_DURING_FITTING                     ; Off                                                                 ; Normal compilation ; --          ; --         ;
; OPTIMIZE_POWER_DURING_SYNTHESIS                   ; Off                                                                 ; Normal compilation ; --          ; --         ;
; PARTITION_COLOR                                   ; 16764057                                                            ; --                 ; --          ; Top        ;
; PARTITION_FITTER_PRESERVATION_LEVEL               ; PLACEMENT_AND_ROUTING                                               ; --                 ; --          ; Top        ;
; PARTITION_NETLIST_TYPE                            ; SOURCE                                                              ; --                 ; --          ; Top        ;
; PHYSICAL_SYNTHESIS_ASYNCHRONOUS_SIGNAL_PIPELINING ; On                                                                  ; Off                ; --          ; --         ;
; PHYSICAL_SYNTHESIS_COMBO_LOGIC                    ; On                                                                  ; Off                ; --          ; --         ;
; PHYSICAL_SYNTHESIS_COMBO_LOGIC_FOR_AREA           ; On                                                                  ; Off                ; --          ; --         ;
; PHYSICAL_SYNTHESIS_EFFORT                         ; Extra                                                               ; Normal             ; --          ; --         ;
; PHYSICAL_SYNTHESIS_MAP_LOGIC_TO_MEMORY_FOR_AREA   ; On                                                                  ; Off                ; --          ; --         ;
; PHYSICAL_SYNTHESIS_REGISTER_DUPLICATION           ; On                                                                  ; Off                ; --          ; --         ;
; PHYSICAL_SYNTHESIS_REGISTER_RETIMING              ; On                                                                  ; Off                ; --          ; --         ;
; POWER_BOARD_THERMAL_MODEL                         ; None (CONSERVATIVE)                                                 ; --                 ; --          ; --         ;
; POWER_PRESET_COOLING_SOLUTION                     ; No Heat Sink With Still Air                                         ; --                 ; --          ; --         ;
; SMART_RECOMPILE                                   ; On                                                                  ; Off                ; --          ; --         ;
+---------------------------------------------------+---------------------------------------------------------------------+--------------------+-------------+------------+


+-------------------------------------------------------------------------------------------------------------------------------+
; Flow Elapsed Time                                                                                                             ;
+---------------------------+--------------+-------------------------+---------------------+------------------------------------+
; Module Name               ; Elapsed Time ; Average Processors Used ; Peak Virtual Memory ; Total CPU Time (on all processors) ;
+---------------------------+--------------+-------------------------+---------------------+------------------------------------+
; Analysis & Synthesis      ; 00:02:03     ; 1.0                     ; 384 MB              ; 00:02:02                           ;
; Fitter                    ; 00:07:53     ; 1.0                     ; 623 MB              ; 00:07:49                           ;
; Assembler                 ; 00:00:04     ; 1.0                     ; 338 MB              ; 00:00:04                           ;
; TimeQuest Timing Analyzer ; 00:00:25     ; 1.0                     ; 454 MB              ; 00:00:24                           ;
; Total                     ; 00:10:25     ; --                      ; --                  ; 00:10:19                           ;
+---------------------------+--------------+-------------------------+---------------------+------------------------------------+


+----------------------------------------------------------------------------------------+
; Flow OS Summary                                                                        ;
+---------------------------+------------------+-----------+------------+----------------+
; Module Name               ; Machine Hostname ; OS Name   ; OS Version ; Processor type ;
+---------------------------+------------------+-----------+------------+----------------+
; Analysis & Synthesis      ; awesome-PC       ; Windows 7 ; 6.1        ; x86_64         ;
; Fitter                    ; awesome-PC       ; Windows 7 ; 6.1        ; x86_64         ;
; Assembler                 ; awesome-PC       ; Windows 7 ; 6.1        ; x86_64         ;
; TimeQuest Timing Analyzer ; awesome-PC       ; Windows 7 ; 6.1        ; x86_64         ;
+---------------------------+------------------+-----------+------------+----------------+


------------
; Flow Log ;
------------
quartus_map --read_settings_files=on --write_settings_files=off DE2_USB_API -c DE2_USB_API
quartus_fit --read_settings_files=off --write_settings_files=off DE2_USB_API -c DE2_USB_API
quartus_asm --read_settings_files=off --write_settings_files=off DE2_USB_API -c DE2_USB_API
quartus_sta DE2_USB_API -c DE2_USB_API



